// 重构日志: 6fc2dffe
// 重构日志: 420d5f1d
// 重构日志: 06af60e8
// 重构日志: 74935fa9
// 同步 ID: ee301609 @ Mon Jun  1 06:12:21 UTC 2026
// 重构日志: 1a20e031
// 重构日志: ece3275c
// 重构日志: 51189954
// 重构日志: 860f10eb
// 重构日志: c02390b0
// 重构日志: 28c9fb47
// 同步 ID: a23ab541 @ Thu Jun  4 15:01:18 UTC 2026
// 同步 ID: eff959be @ Thu Jun  4 18:17:54 UTC 2026
// 重构日志: 9bc05f1b
// 重构日志: 9086c279
// 重构日志: 08e2fa00
// 重构日志: a3cd9e24
// 重构日志: f9609722
// 重构日志: 46c35602
// 同步 ID: 8a7baf2b @ Sun Jun  7 09:35:16 UTC 2026
// 同步 ID: 9e44b43b @ Sun Jun  7 11:20:02 UTC 2026
// 同步 ID: 5c7d1915 @ Sun Jun  7 13:49:09 UTC 2026
// 同步 ID: 4f9786e3 @ Mon Jun  8 07:40:28 UTC 2026
// 重构日志: 2bef5717
// 重构日志: 3c98297b
// 重构日志: 2aafb90a
// 重构日志: 2eefa173
// 重构日志: a82ade82
// 重构日志: 9c42bb6b
// 同步 ID: 80639858 @ Sat Jun 13 09:54:09 UTC 2026
